  DB.cpp
C:\Университет\4 семестр\ООП\Course_MathCalculate\DLL\DB.cpp(98,20): warning C4267: =: преобразование из "size_t" в "int"; возможна потеря данных
C:\Университет\4 семестр\ООП\Course_MathCalculate\DLL\DB.cpp(102,3): warning C4267: инициализация: преобразование из "size_t" в "int"; возможна потеря данных
  DLL.cpp
  dllmain.cpp
  Math.cpp
C:\Университет\4 семестр\ООП\Course_MathCalculate\DLL\Math.cpp(291,13): warning C4267: инициализация: преобразование из "size_t" в "int"; возможна потеря данных
C:\Университет\4 семестр\ООП\Course_MathCalculate\DLL\Math.cpp(294,13): warning C4267: инициализация: преобразование из "size_t" в "int"; возможна потеря данных
C:\Университет\4 семестр\ООП\Course_MathCalculate\DLL\Math.cpp(297,13): warning C4267: инициализация: преобразование из "size_t" в "int"; возможна потеря данных
C:\Университет\4 семестр\ООП\Course_MathCalculate\DLL\Math.cpp(305,33): warning C4267: инициализация: преобразование из "size_t" в "int"; возможна потеря данных
C:\Университет\4 семестр\ООП\Course_MathCalculate\DLL\Math.cpp(305,33): warning C4267: инициализация: преобразование из "size_t" в "const int"; возможна потеря данных
C:\Университет\4 семестр\ООП\Course_MathCalculate\DLL\Math.cpp(306,34): warning C4267: инициализация: преобразование из "size_t" в "int"; возможна потеря данных
C:\Университет\4 семестр\ООП\Course_MathCalculate\DLL\Math.cpp(306,34): warning C4267: инициализация: преобразование из "size_t" в "const int"; возможна потеря данных
C:\Университет\4 семестр\ООП\Course_MathCalculate\DLL\Math.cpp(330,23): warning C4244: инициализация: преобразование "const _Ty" в "double", возможна потеря данных
          with
          [
              _Ty=unsigned __int64
          ]
  Создание кода...
     Создается библиотека ..\bin\DLL.lib и объект ..\bin\DLL.exp
  DLL.vcxproj -> C:\Университет\4 семестр\ООП\Course_MathCalculate\bin\DLL.dll
